# JRE version: Java(TM) SE Runtime Environment (24.0.1+9) (build 24.0.1+9-30)
# Java VM: Java HotSpot(TM) 64-Bit Server VM (24.0.1+9-30, mixed mode, sharing, tiered, compressed oops, compressed class ptrs, g1 gc, windows-amd64)
GC Precious Log:
 CardTable entry size: 512
 Card Set container configuration: InlinePtr #cards 5 size 8 Array Of Cards #cards 10 size 36 Howl #buckets 4 coarsen threshold 1843 Howl Bitmap #cards 512 size 80 coarsen threshold 460 Card regions per heap region 1 cards per card region 2048
 CPUs: 12 total, 12 available
 Memory: 7501M
 Large Page Support: Disabled
 NUMA Support: Disabled
 Compressed Oops: Enabled (32-bit)
 Heap Region Size: 1M
 Heap Min Capacity: 8M
 Heap Initial Capacity: 118M
 Heap Max Capacity: 1876M
 Pre-touch: Disabled
 Parallel Workers: 10
 Concurrent Workers: 3
 Concurrent Refinement Workers: 10
 Periodic GC: Disabled
Heap:
 garbage-first heap   total reserved 1921024K, committed 347136K, used 299023K [0x000000008ac00000, 0x0000000100000000)
  region size 1024K, 92 young (94208K), 1 survivors (1024K)
 Metaspace       used 51940K, committed 52480K, reserved 1114112K
  class space    used 5766K, committed 6016K, reserved 1048576K
GC Heap History (20 events):
Event: 60.748 GC heap before
{Heap before GC invocations=31 (full 0):
 garbage-first heap   total reserved 1921024K, committed 204800K, used 182399K [0x000000008ac00000, 0x0000000100000000)
  region size 1024K, 57 young (58368K), 7 survivors (7168K)
 Metaspace       used 50065K, committed 50624K, reserved 1114112K
  class space    used 5635K, committed 5888K, reserved 1048576K
}
Event: 60.764 GC heap after
{Heap after GC invocations=32 (full 0):
 garbage-first heap   total reserved 1921024K, committed 204800K, used 130614K [0x000000008ac00000, 0x0000000100000000)
  region size 1024K, 1 young (1024K), 1 survivors (1024K)
 Metaspace       used 50065K, committed 50624K, reserved 1114112K
  class space    used 5635K, committed 5888K, reserved 1048576K
}
Event: 79.308 GC heap before
{Heap before GC invocations=33 (full 0):
 garbage-first heap   total reserved 1921024K, committed 217088K, used 181814K [0x000000008ac00000, 0x0000000100000000)
  region size 1024K, 54 young (55296K), 1 survivors (1024K)
 Metaspace       used 50094K, committed 50624K, reserved 1114112K
  class space    used 5636K, committed 5888K, reserved 1048576K
}
Event: 79.310 GC heap after
{Heap after GC invocations=34 (full 0):
 garbage-first heap   total reserved 1921024K, committed 217088K, used 128500K [0x000000008ac00000, 0x0000000100000000)
  region size 1024K, 1 young (1024K), 1 survivors (1024K)
 Metaspace       used 50094K, committed 50624K, reserved 1114112K
  class space    used 5636K, committed 5888K, reserved 1048576K
}
Event: 80.986 GC heap before
{Heap before GC invocations=34 (full 0):
 garbage-first heap   total reserved 1921024K, committed 217088K, used 209396K [0x000000008ac00000, 0x0000000100000000)
  region size 1024K, 67 young (68608K), 1 survivors (1024K)
 Metaspace       used 50144K, committed 50688K, reserved 1114112K
  class space    used 5636K, committed 5888K, reserved 1048576K
}
Event: 80.998 GC heap after
{Heap after GC invocations=35 (full 0):
 garbage-first heap   total reserved 1921024K, committed 257024K, used 154880K [0x000000008ac00000, 0x0000000100000000)
  region size 1024K, 9 young (9216K), 9 survivors (9216K)
 Metaspace       used 50144K, committed 50688K, reserved 1114112K
  class space    used 5636K, committed 5888K, reserved 1048576K
}
Event: 82.494 GC heap before
{Heap before GC invocations=35 (full 0):
 garbage-first heap   total reserved 1921024K, committed 257024K, used 225536K [0x000000008ac00000, 0x0000000100000000)
  region size 1024K, 71 young (72704K), 9 survivors (9216K)
 Metaspace       used 50214K, committed 50752K, reserved 1114112K
  class space    used 5636K, committed 5888K, reserved 1048576K
}
Event: 82.516 GC heap after
{Heap after GC invocations=36 (full 0):
 garbage-first heap   total reserved 1921024K, committed 280576K, used 191744K [0x000000008ac00000, 0x0000000100000000)
  region size 1024K, 9 young (9216K), 9 survivors (9216K)
 Metaspace       used 50214K, committed 50752K, reserved 1114112K
  class space    used 5636K, committed 5888K, reserved 1048576K
}
Event: 89.606 GC heap before
{Heap before GC invocations=36 (full 0):
 garbage-first heap   total reserved 1921024K, committed 280576K, used 240896K [0x000000008ac00000, 0x0000000100000000)
  region size 1024K, 57 young (58368K), 9 survivors (9216K)
 Metaspace       used 50520K, committed 51072K, reserved 1114112K
  class space    used 5646K, committed 5888K, reserved 1048576K
}
Event: 89.611 GC heap after
{Heap after GC invocations=37 (full 0):
 garbage-first heap   total reserved 1921024K, committed 280576K, used 193503K [0x000000008ac00000, 0x0000000100000000)
  region size 1024K, 2 young (2048K), 2 survivors (2048K)
 Metaspace       used 50520K, committed 51072K, reserved 1114112K
  class space    used 5646K, committed 5888K, reserved 1048576K
}
Event: 100.403 GC heap before
{Heap before GC invocations=38 (full 0):
 garbage-first heap   total reserved 1921024K, committed 319488K, used 242655K [0x000000008ac00000, 0x0000000100000000)
  region size 1024K, 53 young (54272K), 2 survivors (2048K)
 Metaspace       used 50672K, committed 51200K, reserved 1114112K
  class space    used 5659K, committed 5888K, reserved 1048576K
}
Event: 100.409 GC heap after
{Heap after GC invocations=39 (full 0):
 garbage-first heap   total reserved 1921024K, committed 319488K, used 192470K [0x000000008ac00000, 0x0000000100000000)
  region size 1024K, 4 young (4096K), 4 survivors (4096K)
 Metaspace       used 50672K, committed 51200K, reserved 1114112K
  class space    used 5659K, committed 5888K, reserved 1048576K
}
Event: 111.094 GC heap before
{Heap before GC invocations=39 (full 0):
 garbage-first heap   total reserved 1921024K, committed 319488K, used 274390K [0x000000008ac00000, 0x0000000100000000)
  region size 1024K, 84 young (86016K), 4 survivors (4096K)
 Metaspace       used 51373K, committed 51904K, reserved 1114112K
  class space    used 5730K, committed 5952K, reserved 1048576K
}
Event: 111.121 GC heap after
{Heap after GC invocations=40 (full 0):
 garbage-first heap   total reserved 1921024K, committed 327680K, used 208896K [0x000000008ac00000, 0x0000000100000000)
  region size 1024K, 11 young (11264K), 11 survivors (11264K)
 Metaspace       used 51373K, committed 51904K, reserved 1114112K
  class space    used 5730K, committed 5952K, reserved 1048576K
}
Event: 141.435 GC heap before
{Heap before GC invocations=40 (full 0):
 garbage-first heap   total reserved 1921024K, committed 327680K, used 281600K [0x000000008ac00000, 0x0000000100000000)
  region size 1024K, 82 young (83968K), 11 survivors (11264K)
 Metaspace       used 51800K, committed 52352K, reserved 1114112K
  class space    used 5766K, committed 6016K, reserved 1048576K
}
Event: 141.467 GC heap after
{Heap after GC invocations=41 (full 0):
 garbage-first heap   total reserved 1921024K, committed 327680K, used 207506K [0x000000008ac00000, 0x0000000100000000)
  region size 1024K, 1 young (1024K), 1 survivors (1024K)
 Metaspace       used 51800K, committed 52352K, reserved 1114112K
  class space    used 5766K, committed 6016K, reserved 1048576K
}
Event: 180.904 GC heap before
{Heap before GC invocations=41 (full 0):
 garbage-first heap   total reserved 1921024K, committed 327680K, used 285330K [0x000000008ac00000, 0x0000000100000000)
  region size 1024K, 77 young (78848K), 1 survivors (1024K)
 Metaspace       used 51847K, committed 52416K, reserved 1114112K
  class space    used 5766K, committed 6016K, reserved 1048576K
}
Event: 180.907 GC heap after
{Heap after GC invocations=42 (full 0):
 garbage-first heap   total reserved 1921024K, committed 327680K, used 207091K [0x000000008ac00000, 0x0000000100000000)
  region size 1024K, 1 young (1024K), 1 survivors (1024K)
 Metaspace       used 51847K, committed 52416K, reserved 1114112K
  class space    used 5766K, committed 6016K, reserved 1048576K
}
Event: 230.300 GC heap before
{Heap before GC invocations=43 (full 0):
 garbage-first heap   total reserved 1921024K, committed 347136K, used 291059K [0x000000008ac00000, 0x0000000100000000)
  region size 1024K, 83 young (84992K), 1 survivors (1024K)
 Metaspace       used 51883K, committed 52416K, reserved 1114112K
  class space    used 5766K, committed 6016K, reserved 1048576K
}
Event: 230.303 GC heap after
{Heap after GC invocations=44 (full 0):
 garbage-first heap   total reserved 1921024K, committed 347136K, used 206863K [0x000000008ac00000, 0x0000000100000000)
  region size 1024K, 1 young (1024K), 1 survivors (1024K)
 Metaspace       used 51883K, committed 52416K, reserved 1114112K
  class space    used 5766K, committed 6016K, reserved 1048576K
}

