<?xml version="1.0" encoding="UTF-8"?>
<testsuite xmlns:xsi="http://www.w3.org/2001/XMLSchema-instance" xsi:noNamespaceSchemaLocation="https://maven.apache.org/surefire/maven-surefire-plugin/xsd/surefire-test-report-3.0.xsd" version="3.0" name="com.ionres.respondph.aid.FCMAidDistributionTest$ClusterAll" time="0.014" tests="7" errors="0" skipped="0" failures="0">
  <properties>
[...]
</properties>
  <testcase name="emptyInput" classname="com.ionres.respondph.aid.FCMAidDistributionTest$ClusterAll" time="0.001"/>
  <testcase name="highScoreGetsHighPriority" classname="com.ionres.respondph.aid.FCMAidDistributionTest$ClusterAll" time="0.003">
    <system-out><![CDATA[========== FCM CLUSTER-ALL ==========
Total Beneficiaries : 9
Number of Clusters  : 3
Fuzziness (m)       : 2.0
=====================================
[FCM] Converged after 8 iterations.

--- FCM Cluster Statistics ---
Cluster 0: 3 members | Avg Score: 0.100 | Range: [0.050 – 0.150] | Avg Membership: 0.987
Cluster 1: 3 members | Avg Score: 0.500 | Range: [0.450 – 0.550] | Avg Membership: 0.979
Cluster 2: 3 members | Avg Score: 0.900 | Range: [0.850 – 0.950] | Avg Membership: 0.987
-------------------------------

[FCM] Cluster priority labels assigned:
  Cluster 0 (avg 0.900) → High Priority
  Cluster 1 (avg 0.500) → Moderate Priority
  Cluster 2 (avg 0.100) → Low Priority

--- FCM Cluster Statistics ---
Cluster 0: 3 members | Avg Score: 0.900 | Range: [0.850 – 0.950] | Avg Membership: 0.987
Cluster 1: 3 members | Avg Score: 0.500 | Range: [0.450 – 0.550] | Avg Membership: 0.979
Cluster 2: 3 members | Avg Score: 0.100 | Range: [0.050 – 0.150] | Avg Membership: 0.987
-------------------------------

]]></system-out>
  </testcase>
  <testcase name="allAssigned" classname="com.ionres.respondph.aid.FCMAidDistributionTest$ClusterAll" time="0.003">
    <system-out><![CDATA[========== FCM CLUSTER-ALL ==========
Total Beneficiaries : 9
Number of Clusters  : 3
Fuzziness (m)       : 2.0
=====================================
[FCM] Converged after 8 iterations.

--- FCM Cluster Statistics ---
Cluster 0: 3 members | Avg Score: 0.500 | Range: [0.450 – 0.550] | Avg Membership: 0.979
Cluster 1: 3 members | Avg Score: 0.900 | Range: [0.850 – 0.950] | Avg Membership: 0.987
Cluster 2: 3 members | Avg Score: 0.100 | Range: [0.050 – 0.150] | Avg Membership: 0.987
-------------------------------

[FCM] Cluster priority labels assigned:
  Cluster 0 (avg 0.900) → High Priority
  Cluster 1 (avg 0.500) → Moderate Priority
  Cluster 2 (avg 0.100) → Low Priority

--- FCM Cluster Statistics ---
Cluster 0: 3 members | Avg Score: 0.900 | Range: [0.850 – 0.950] | Avg Membership: 0.987
Cluster 1: 3 members | Avg Score: 0.500 | Range: [0.450 – 0.550] | Avg Membership: 0.979
Cluster 2: 3 members | Avg Score: 0.100 | Range: [0.050 – 0.150] | Avg Membership: 0.987
-------------------------------

]]></system-out>
  </testcase>
  <testcase name="singleBeneficiary" classname="com.ionres.respondph.aid.FCMAidDistributionTest$ClusterAll" time="0.001"/>
  <testcase name="nullInput" classname="com.ionres.respondph.aid.FCMAidDistributionTest$ClusterAll" time="0.0"/>
  <testcase name="membershipsSumToOne" classname="com.ionres.respondph.aid.FCMAidDistributionTest$ClusterAll" time="0.002">
    <system-out><![CDATA[========== FCM CLUSTER-ALL ==========
Total Beneficiaries : 9
Number of Clusters  : 3
Fuzziness (m)       : 2.0
=====================================
[FCM] Converged after 7 iterations.

--- FCM Cluster Statistics ---
Cluster 0: 3 members | Avg Score: 0.500 | Range: [0.450 – 0.550] | Avg Membership: 0.979
Cluster 1: 3 members | Avg Score: 0.900 | Range: [0.850 – 0.950] | Avg Membership: 0.987
Cluster 2: 3 members | Avg Score: 0.100 | Range: [0.050 – 0.150] | Avg Membership: 0.987
-------------------------------

[FCM] Cluster priority labels assigned:
  Cluster 0 (avg 0.900) → High Priority
  Cluster 1 (avg 0.500) → Moderate Priority
  Cluster 2 (avg 0.100) → Low Priority

--- FCM Cluster Statistics ---
Cluster 0: 3 members | Avg Score: 0.900 | Range: [0.850 – 0.950] | Avg Membership: 0.987
Cluster 1: 3 members | Avg Score: 0.500 | Range: [0.450 – 0.550] | Avg Membership: 0.979
Cluster 2: 3 members | Avg Score: 0.100 | Range: [0.050 – 0.150] | Avg Membership: 0.987
-------------------------------

]]></system-out>
  </testcase>
  <testcase name="sortedDescending" classname="com.ionres.respondph.aid.FCMAidDistributionTest$ClusterAll" time="0.002">
    <system-out><![CDATA[========== FCM CLUSTER-ALL ==========
Total Beneficiaries : 9
Number of Clusters  : 3
Fuzziness (m)       : 2.0
=====================================
[FCM] Converged after 7 iterations.

--- FCM Cluster Statistics ---
Cluster 0: 3 members | Avg Score: 0.100 | Range: [0.050 – 0.150] | Avg Membership: 0.987
Cluster 1: 3 members | Avg Score: 0.900 | Range: [0.850 – 0.950] | Avg Membership: 0.987
Cluster 2: 3 members | Avg Score: 0.500 | Range: [0.450 – 0.550] | Avg Membership: 0.979
-------------------------------

[FCM] Cluster priority labels assigned:
  Cluster 0 (avg 0.900) → High Priority
  Cluster 1 (avg 0.500) → Moderate Priority
  Cluster 2 (avg 0.100) → Low Priority

--- FCM Cluster Statistics ---
Cluster 0: 3 members | Avg Score: 0.900 | Range: [0.850 – 0.950] | Avg Membership: 0.987
Cluster 1: 3 members | Avg Score: 0.500 | Range: [0.450 – 0.550] | Avg Membership: 0.979
Cluster 2: 3 members | Avg Score: 0.100 | Range: [0.050 – 0.150] | Avg Membership: 0.987
-------------------------------

]]></system-out>
  </testcase>
</testsuite>